0 info it worked if it ends with ok
1 verbose cli [ '/usr/bin/node', '/usr/bin/npm', 'run', 'watch:gulp' ]
2 info using npm@4.0.5
3 info using node@v7.3.0
4 verbose run-script [ 'prewatch:gulp', 'watch:gulp', 'postwatch:gulp' ]
5 info lifecycle residentprogram@2.0.0~prewatch:gulp: residentprogram@2.0.0
6 silly lifecycle residentprogram@2.0.0~prewatch:gulp: no script for prewatch:gulp, continuing
7 info lifecycle residentprogram@2.0.0~watch:gulp: residentprogram@2.0.0
8 verbose lifecycle residentprogram@2.0.0~watch:gulp: unsafe-perm in lifecycle true
9 verbose lifecycle residentprogram@2.0.0~watch:gulp: PATH: /usr/lib/node_modules/npm/bin/node-gyp-bin:/home/mischka/projects/residentprogram/node_modules/.bin:/home/mischka/projects/residentprogram/node_modules/.bin:/home/mischka/.config/yarn/link/node_modules/.bin:/home/mischka/projects/residentprogram/node_modules/.bin:/home/mischka/.config/yarn/link/node_modules/.bin:/usr/lib/node_modules/yarn/bin/node-gyp-bin:/home/mischka/.local/bin:./venv/bin:/home/mischka/go/bin:/home/mischka/.gem/ruby/2.3.0/bin:/home/mischka/Android/Sdk/tools:/home/mischka/Android/Sdk/platform-tools:/usr/local/bin:/usr/local/sbin:/usr/bin
10 verbose lifecycle residentprogram@2.0.0~watch:gulp: CWD: /home/mischka/projects/residentprogram
11 silly lifecycle residentprogram@2.0.0~watch:gulp: Args: [ '-c', 'DISABLE_NOTIFIER=true gulp watch' ]
12 silly lifecycle residentprogram@2.0.0~watch:gulp: Returned: code: 1  signal: null
13 info lifecycle residentprogram@2.0.0~watch:gulp: Failed to exec watch:gulp script
14 verbose stack Error: residentprogram@2.0.0 watch:gulp: `DISABLE_NOTIFIER=true gulp watch`
14 verbose stack Exit status 1
14 verbose stack     at EventEmitter.<anonymous> (/usr/lib/node_modules/npm/lib/utils/lifecycle.js:279:16)
14 verbose stack     at emitTwo (events.js:106:13)
14 verbose stack     at EventEmitter.emit (events.js:191:7)
14 verbose stack     at ChildProcess.<anonymous> (/usr/lib/node_modules/npm/lib/utils/spawn.js:40:14)
14 verbose stack     at emitTwo (events.js:106:13)
14 verbose stack     at ChildProcess.emit (events.js:191:7)
14 verbose stack     at maybeClose (internal/child_process.js:885:16)
14 verbose stack     at Process.ChildProcess._handle.onexit (internal/child_process.js:226:5)
15 verbose pkgid residentprogram@2.0.0
16 verbose cwd /home/mischka/projects/residentprogram
17 error Linux 4.8.13-1-ARCH
18 error argv "/usr/bin/node" "/usr/bin/npm" "run" "watch:gulp"
19 error node v7.3.0
20 error npm  v4.0.5
21 error code ELIFECYCLE
22 error residentprogram@2.0.0 watch:gulp: `DISABLE_NOTIFIER=true gulp watch`
22 error Exit status 1
23 error Failed at the residentprogram@2.0.0 watch:gulp script 'DISABLE_NOTIFIER=true gulp watch'.
23 error Make sure you have the latest version of node.js and npm installed.
23 error If you do, this is most likely a problem with the residentprogram package,
23 error not with npm itself.
23 error Tell the author that this fails on your system:
23 error     DISABLE_NOTIFIER=true gulp watch
23 error You can get information on how to open an issue for this project with:
23 error     npm bugs residentprogram
23 error Or if that isn't available, you can get their info via:
23 error     npm owner ls residentprogram
23 error There is likely additional logging output above.
24 verbose exit [ 1, true ]
